<?xml version="1.0" encoding="UTF-8"?>
<!-- Generated by org.testng.reporters.JUnitReportReporter -->
<testsuite hostname="LP-5CG1348Z8T" failures="0" tests="4" name="Unorder" time="18.513" errors="0" timestamp="2022-01-20T11:04:00 IST" skipped="3">
  <testcase classname="Unorder" name="test" time="18.513"/>
  <system-out/>
  <testcase classname="Unorder" name="getTxt">
    <skipped/>
  </testcase> <!-- getTxt -->
  <system-out/>
  <testcase classname="Unorder" name="Unorder">
    <skipped/>
  </testcase> <!-- Unorder -->
  <system-out/>
  <testcase classname="Unorder" name="Unorder1">
    <skipped/>
  </testcase> <!-- Unorder1 -->
  <system-out/>
</testsuite> <!-- Unorder -->
