<?xml version="1.0" encoding="UTF-8"?>
<!-- Generated by org.testng.reporters.JUnitReportReporter -->
<testsuite hostname="LP-5CG1348Z8T" failures="0" tests="1" name="Functionality.Register" time="45.800" errors="0" timestamp="2022-01-19T15:28:26 IST" skipped="0">
  <testcase classname="Functionality.Register" name="reg_fun" time="45.800"/>
  <system-out/>
</testsuite> <!-- Functionality.Register -->
