<?xml version="1.0" encoding="UTF-8"?>
<!-- Generated by org.testng.reporters.JUnitReportReporter -->
<testsuite hostname="LP-5CG1348Z8T" failures="0" tests="15" name="DropDown" time="10.866" errors="0" timestamp="2022-01-17T10:11:42 IST" skipped="14">
  <testcase classname="DropDown" name="amazon" time="10.866"/>
  <system-out/>
  <testcase classname="DropDown" name="checkbox">
    <skipped/>
  </testcase> <!-- checkbox -->
  <system-out/>
  <testcase classname="DropDown" name="testleaf_links1">
    <skipped/>
  </testcase> <!-- testleaf_links1 -->
  <system-out/>
  <testcase classname="DropDown" name="testleaf_links2">
    <skipped/>
  </testcase> <!-- testleaf_links2 -->
  <system-out/>
  <testcase classname="DropDown" name="testleaf_button4">
    <skipped/>
  </testcase> <!-- testleaf_button4 -->
  <system-out/>
  <testcase classname="DropDown" name="testleaf_button1">
    <skipped/>
  </testcase> <!-- testleaf_button1 -->
  <system-out/>
  <testcase classname="DropDown" name="testleaf_button2">
    <skipped/>
  </testcase> <!-- testleaf_button2 -->
  <system-out/>
  <testcase classname="DropDown" name="testleaf_links3">
    <skipped/>
  </testcase> <!-- testleaf_links3 -->
  <system-out/>
  <testcase classname="DropDown" name="testleaf_links4">
    <skipped/>
  </testcase> <!-- testleaf_links4 -->
  <system-out/>
  <testcase classname="DropDown" name="testleaf_button3">
    <skipped/>
  </testcase> <!-- testleaf_button3 -->
  <system-out/>
  <testcase classname="DropDown" name="testleaf_image3">
    <skipped/>
  </testcase> <!-- testleaf_image3 -->
  <system-out/>
  <testcase classname="DropDown" name="drop_down">
    <skipped/>
  </testcase> <!-- drop_down -->
  <system-out/>
  <testcase classname="DropDown" name="testleaf_image1">
    <skipped/>
  </testcase> <!-- testleaf_image1 -->
  <system-out/>
  <testcase classname="DropDown" name="radio_buttons">
    <skipped/>
  </testcase> <!-- radio_buttons -->
  <system-out/>
  <testcase classname="DropDown" name="testleaf_image2">
    <skipped/>
  </testcase> <!-- testleaf_image2 -->
  <system-out/>
</testsuite> <!-- DropDown -->
