<?xml version="1.0" encoding="UTF-8"?>
<!-- Generated by org.testng.reporters.JUnitReportReporter -->
<testsuite hostname="LP-5CG1348Z8T" failures="0" tests="1" name="Login" time="89.230" errors="0" timestamp="2022-01-20T12:24:24 IST" skipped="0">
  <testcase classname="Login" name="login_fun" time="89.230"/>
  <system-out/>
</testsuite> <!-- Login -->
