<?xml version="1.0" encoding="UTF-8"?>
<!-- Generated by org.testng.reporters.JUnitReportReporter -->
<testsuite hostname="LP-5CG1348Z8T" failures="0" tests="1" name="Functionality.Login" time="74.308" errors="0" timestamp="2022-01-19T15:30:07 IST" skipped="0">
  <testcase classname="Functionality.Login" name="login_fun" time="74.308"/>
  <system-out/>
</testsuite> <!-- Functionality.Login -->
